2023-06-14 12:14:15.629,System.EventArgs
2023-06-14 12:14:49.058,System.EventArgs
2023-06-14 12:15:19.097,System.EventArgs
2023-06-14 12:58:24.258,System.EventArgs
2023-06-14 12:58:47.476,System.EventArgs
2023-06-14 12:59:40.114,System.EventArgs
2023-06-14 13:00:10.192,System.EventArgs
2023-06-14 13:00:20.197,System.EventArgs
2023-06-14 13:01:44.674,System.EventArgs
2023-06-14 13:03:20.626,Microsoft.Data.SqlClient.SqlException (0x80131904): 스칼라 변수 "@inverterCategory"을(를) 선언해야 합니다.
   at Microsoft.Data.SqlClient.SqlConnection.OnError(SqlException exception, Boolean breakConnection, Action`1 wrapCloseInAction)
   at Microsoft.Data.SqlClient.SqlInternalConnection.OnError(SqlException exception, Boolean breakConnection, Action`1 wrapCloseInAction)
   at Microsoft.Data.SqlClient.TdsParser.ThrowExceptionAndWarning(TdsParserStateObject stateObj, Boolean callerHasConnectionLock, Boolean asyncClose)
   at Microsoft.Data.SqlClient.TdsParser.TryRun(RunBehavior runBehavior, SqlCommand cmdHandler, SqlDataReader dataStream, BulkCopySimpleResultSet bulkCopyHandler, TdsParserStateObject stateObj, Boolean& dataReady)
   at Microsoft.Data.SqlClient.SqlDataReader.TryConsumeMetaData()
   at Microsoft.Data.SqlClient.SqlDataReader.get_MetaData()
   at Microsoft.Data.SqlClient.SqlCommand.FinishExecuteReader(SqlDataReader ds, RunBehavior runBehavior, String resetOptionsString, Boolean isInternal, Boolean forDescribeParameterEncryption, Boolean shouldCacheForAlwaysEncrypted)
   at Microsoft.Data.SqlClient.SqlCommand.RunExecuteReaderTds(CommandBehavior cmdBehavior, RunBehavior runBehavior, Boolean returnStream, Boolean isAsync, Int32 timeout, Task& task, Boolean asyncWrite, Boolean inRetry, SqlDataReader ds, Boolean describeParameterEncryptionRequest)
   at Microsoft.Data.SqlClient.SqlCommand.RunExecuteReader(CommandBehavior cmdBehavior, RunBehavior runBehavior, Boolean returnStream, TaskCompletionSource`1 completion, Int32 timeout, Task& task, Boolean& usedCache, Boolean asyncWrite, Boolean inRetry, String method)
   at Microsoft.Data.SqlClient.SqlCommand.RunExecuteReader(CommandBehavior cmdBehavior, RunBehavior runBehavior, Boolean returnStream, String method)
   at Microsoft.Data.SqlClient.SqlCommand.ExecuteReader(CommandBehavior behavior)
   at Microsoft.Data.SqlClient.SqlCommand.ExecuteReader()
   at Bar.ComponentCheck.ComponentCheck_Load(Object sender, EventArgs e) in C:\Users\bsseo\Documents\GitHub\chool\barcode\Bar\Bar\ComponentCheck.cs:line 51
ClientConnectionId:6c0477c7-81e6-475b-adea-6dccc1e21be6
Error Number:137,State:2,Class:15
2023-06-14 13:03:29.310,System.EventArgs
2023-06-14 13:04:43.677,System.ArgumentOutOfRangeException: Index and length must refer to a location within the string. (Parameter 'length')
   at System.String.Substring(Int32 startIndex, Int32 length)
   at Bar.INVCheck.HookProc(Int32 nCode, IntPtr wParam, IntPtr lParam) in C:\Users\bsseo\Documents\GitHub\chool\barcode\Bar\Bar\INVCheck.cs:line 52
2023-06-14 13:05:05.555,Microsoft.Data.SqlClient.SqlException (0x80131904): 스칼라 변수 "@inverterCategory"을(를) 선언해야 합니다.
   at Microsoft.Data.SqlClient.SqlConnection.OnError(SqlException exception, Boolean breakConnection, Action`1 wrapCloseInAction)
   at Microsoft.Data.SqlClient.SqlInternalConnection.OnError(SqlException exception, Boolean breakConnection, Action`1 wrapCloseInAction)
   at Microsoft.Data.SqlClient.TdsParser.ThrowExceptionAndWarning(TdsParserStateObject stateObj, Boolean callerHasConnectionLock, Boolean asyncClose)
   at Microsoft.Data.SqlClient.TdsParser.TryRun(RunBehavior runBehavior, SqlCommand cmdHandler, SqlDataReader dataStream, BulkCopySimpleResultSet bulkCopyHandler, TdsParserStateObject stateObj, Boolean& dataReady)
   at Microsoft.Data.SqlClient.SqlDataReader.TryConsumeMetaData()
   at Microsoft.Data.SqlClient.SqlDataReader.get_MetaData()
   at Microsoft.Data.SqlClient.SqlCommand.FinishExecuteReader(SqlDataReader ds, RunBehavior runBehavior, String resetOptionsString, Boolean isInternal, Boolean forDescribeParameterEncryption, Boolean shouldCacheForAlwaysEncrypted)
   at Microsoft.Data.SqlClient.SqlCommand.RunExecuteReaderTds(CommandBehavior cmdBehavior, RunBehavior runBehavior, Boolean returnStream, Boolean isAsync, Int32 timeout, Task& task, Boolean asyncWrite, Boolean inRetry, SqlDataReader ds, Boolean describeParameterEncryptionRequest)
   at Microsoft.Data.SqlClient.SqlCommand.RunExecuteReader(CommandBehavior cmdBehavior, RunBehavior runBehavior, Boolean returnStream, TaskCompletionSource`1 completion, Int32 timeout, Task& task, Boolean& usedCache, Boolean asyncWrite, Boolean inRetry, String method)
   at Microsoft.Data.SqlClient.SqlCommand.RunExecuteReader(CommandBehavior cmdBehavior, RunBehavior runBehavior, Boolean returnStream, String method)
   at Microsoft.Data.SqlClient.SqlCommand.ExecuteReader(CommandBehavior behavior)
   at Microsoft.Data.SqlClient.SqlCommand.ExecuteReader()
   at Bar.ComponentCheck.ComponentCheck_Load(Object sender, EventArgs e) in C:\Users\bsseo\Documents\GitHub\chool\barcode\Bar\Bar\ComponentCheck.cs:line 51
ClientConnectionId:c57f14d8-0025-4a3c-b670-60f8b7ebe95a
Error Number:137,State:2,Class:15
2023-06-14 13:05:19.338,System.EventArgs
2023-06-14 13:07:00.223,System.ArgumentOutOfRangeException: Index and length must refer to a location within the string. (Parameter 'length')
   at System.String.Substring(Int32 startIndex, Int32 length)
   at Bar.INVCheck.HookProc(Int32 nCode, IntPtr wParam, IntPtr lParam) in C:\Users\bsseo\Documents\GitHub\chool\barcode\Bar\Bar\INVCheck.cs:line 52
2023-06-14 13:07:17.178,System.ArgumentOutOfRangeException: Index and length must refer to a location within the string. (Parameter 'length')
   at System.String.Substring(Int32 startIndex, Int32 length)
   at Bar.INVCheck.HookProc(Int32 nCode, IntPtr wParam, IntPtr lParam) in C:\Users\bsseo\Documents\GitHub\chool\barcode\Bar\Bar\INVCheck.cs:line 52
2023-06-14 13:07:18.770,System.ArgumentOutOfRangeException: Index and length must refer to a location within the string. (Parameter 'length')
   at System.String.Substring(Int32 startIndex, Int32 length)
   at Bar.INVCheck.HookProc(Int32 nCode, IntPtr wParam, IntPtr lParam) in C:\Users\bsseo\Documents\GitHub\chool\barcode\Bar\Bar\INVCheck.cs:line 52
2023-06-14 13:07:36.609,System.ArgumentOutOfRangeException: Index and length must refer to a location within the string. (Parameter 'length')
   at System.String.Substring(Int32 startIndex, Int32 length)
   at Bar.INVCheck.HookProc(Int32 nCode, IntPtr wParam, IntPtr lParam) in C:\Users\bsseo\Documents\GitHub\chool\barcode\Bar\Bar\INVCheck.cs:line 52
2023-06-14 13:07:40.377,System.ArgumentOutOfRangeException: Index and length must refer to a location within the string. (Parameter 'length')
   at System.String.Substring(Int32 startIndex, Int32 length)
   at Bar.INVCheck.HookProc(Int32 nCode, IntPtr wParam, IntPtr lParam) in C:\Users\bsseo\Documents\GitHub\chool\barcode\Bar\Bar\INVCheck.cs:line 52
2023-06-14 13:07:40.545,System.ArgumentOutOfRangeException: Index and length must refer to a location within the string. (Parameter 'length')
   at System.String.Substring(Int32 startIndex, Int32 length)
   at Bar.INVCheck.HookProc(Int32 nCode, IntPtr wParam, IntPtr lParam) in C:\Users\bsseo\Documents\GitHub\chool\barcode\Bar\Bar\INVCheck.cs:line 52
2023-06-14 13:08:14.800,System.ArgumentOutOfRangeException: Index and length must refer to a location within the string. (Parameter 'length')
   at System.String.Substring(Int32 startIndex, Int32 length)
   at Bar.INVCheck.HookProc(Int32 nCode, IntPtr wParam, IntPtr lParam) in C:\Users\bsseo\Documents\GitHub\chool\barcode\Bar\Bar\INVCheck.cs:line 52
2023-06-14 13:09:36.971,System.EventArgs
2023-06-14 16:11:26.917,System.EventArgs
2023-06-14 16:13:06.402,Microsoft.Data.SqlClient.SqlException (0x80131904): 스칼라 변수 "@inverterCategory"을(를) 선언해야 합니다.
   at Microsoft.Data.SqlClient.SqlConnection.OnError(SqlException exception, Boolean breakConnection, Action`1 wrapCloseInAction)
   at Microsoft.Data.SqlClient.SqlInternalConnection.OnError(SqlException exception, Boolean breakConnection, Action`1 wrapCloseInAction)
   at Microsoft.Data.SqlClient.TdsParser.ThrowExceptionAndWarning(TdsParserStateObject stateObj, Boolean callerHasConnectionLock, Boolean asyncClose)
   at Microsoft.Data.SqlClient.TdsParser.TryRun(RunBehavior runBehavior, SqlCommand cmdHandler, SqlDataReader dataStream, BulkCopySimpleResultSet bulkCopyHandler, TdsParserStateObject stateObj, Boolean& dataReady)
   at Microsoft.Data.SqlClient.SqlDataReader.TryConsumeMetaData()
   at Microsoft.Data.SqlClient.SqlDataReader.get_MetaData()
   at Microsoft.Data.SqlClient.SqlCommand.FinishExecuteReader(SqlDataReader ds, RunBehavior runBehavior, String resetOptionsString, Boolean isInternal, Boolean forDescribeParameterEncryption, Boolean shouldCacheForAlwaysEncrypted)
   at Microsoft.Data.SqlClient.SqlCommand.RunExecuteReaderTds(CommandBehavior cmdBehavior, RunBehavior runBehavior, Boolean returnStream, Boolean isAsync, Int32 timeout, Task& task, Boolean asyncWrite, Boolean inRetry, SqlDataReader ds, Boolean describeParameterEncryptionRequest)
   at Microsoft.Data.SqlClient.SqlCommand.RunExecuteReader(CommandBehavior cmdBehavior, RunBehavior runBehavior, Boolean returnStream, TaskCompletionSource`1 completion, Int32 timeout, Task& task, Boolean& usedCache, Boolean asyncWrite, Boolean inRetry, String method)
   at Microsoft.Data.SqlClient.SqlCommand.RunExecuteReader(CommandBehavior cmdBehavior, RunBehavior runBehavior, Boolean returnStream, String method)
   at Microsoft.Data.SqlClient.SqlCommand.ExecuteReader(CommandBehavior behavior)
   at Microsoft.Data.SqlClient.SqlCommand.ExecuteReader()
   at Bar.ComponentCheck.ComponentCheck_Load(Object sender, EventArgs e) in C:\Users\bsseo\Documents\GitHub\chool\barcode\Bar\Bar\ComponentCheck.cs:line 51
ClientConnectionId:f0784b16-74d7-4ae3-be2a-d1e1656cd2d0
Error Number:137,State:2,Class:15
2023-06-14 16:13:07.976,System.EventArgs
2023-06-14 16:20:54.251,Microsoft.Data.SqlClient.SqlException (0x80131904): 스칼라 변수 "@inverterCategory"을(를) 선언해야 합니다.
   at Microsoft.Data.SqlClient.SqlConnection.OnError(SqlException exception, Boolean breakConnection, Action`1 wrapCloseInAction)
   at Microsoft.Data.SqlClient.SqlInternalConnection.OnError(SqlException exception, Boolean breakConnection, Action`1 wrapCloseInAction)
   at Microsoft.Data.SqlClient.TdsParser.ThrowExceptionAndWarning(TdsParserStateObject stateObj, Boolean callerHasConnectionLock, Boolean asyncClose)
   at Microsoft.Data.SqlClient.TdsParser.TryRun(RunBehavior runBehavior, SqlCommand cmdHandler, SqlDataReader dataStream, BulkCopySimpleResultSet bulkCopyHandler, TdsParserStateObject stateObj, Boolean& dataReady)
   at Microsoft.Data.SqlClient.SqlDataReader.TryConsumeMetaData()
   at Microsoft.Data.SqlClient.SqlDataReader.get_MetaData()
   at Microsoft.Data.SqlClient.SqlCommand.FinishExecuteReader(SqlDataReader ds, RunBehavior runBehavior, String resetOptionsString, Boolean isInternal, Boolean forDescribeParameterEncryption, Boolean shouldCacheForAlwaysEncrypted)
   at Microsoft.Data.SqlClient.SqlCommand.RunExecuteReaderTds(CommandBehavior cmdBehavior, RunBehavior runBehavior, Boolean returnStream, Boolean isAsync, Int32 timeout, Task& task, Boolean asyncWrite, Boolean inRetry, SqlDataReader ds, Boolean describeParameterEncryptionRequest)
   at Microsoft.Data.SqlClient.SqlCommand.RunExecuteReader(CommandBehavior cmdBehavior, RunBehavior runBehavior, Boolean returnStream, TaskCompletionSource`1 completion, Int32 timeout, Task& task, Boolean& usedCache, Boolean asyncWrite, Boolean inRetry, String method)
   at Microsoft.Data.SqlClient.SqlCommand.RunExecuteReader(CommandBehavior cmdBehavior, RunBehavior runBehavior, Boolean returnStream, String method)
   at Microsoft.Data.SqlClient.SqlCommand.ExecuteReader(CommandBehavior behavior)
   at Microsoft.Data.SqlClient.SqlCommand.ExecuteReader()
   at Bar.ComponentCheck.ComponentCheck_Load(Object sender, EventArgs e) in C:\Users\bsseo\Documents\GitHub\chool\barcode\Bar\Bar\ComponentCheck.cs:line 51
ClientConnectionId:586675b9-47da-4b9c-98b2-fe3de23c7cf8
Error Number:137,State:2,Class:15
2023-06-14 16:20:56.035,System.EventArgs
2023-06-14 16:22:50.497,System.ArgumentOutOfRangeException: '-1'의 InvalidArgument=Value는 'start'에 사용할 수 없습니다. (Parameter 'start')
Actual value was -1.
   at System.Windows.Forms.TextBoxBase.Select(Int32 start, Int32 length)
   at Bar.ComponentCheck.changecolor(RichTextBox richTextbox) in C:\Users\bsseo\Documents\GitHub\chool\barcode\Bar\Bar\ComponentCheck.cs:line 239
   at Bar.ComponentCheck.ComponentCheck_Load(Object sender, EventArgs e) in C:\Users\bsseo\Documents\GitHub\chool\barcode\Bar\Bar\ComponentCheck.cs:line 74
2023-06-14 16:22:57.875,System.EventArgs
2023-06-14 16:23:25.900,System.ArgumentOutOfRangeException: '-1'의 InvalidArgument=Value는 'start'에 사용할 수 없습니다. (Parameter 'start')
Actual value was -1.
   at System.Windows.Forms.TextBoxBase.Select(Int32 start, Int32 length)
   at Bar.ComponentCheck.changecolor(RichTextBox richTextbox) in C:\Users\bsseo\Documents\GitHub\chool\barcode\Bar\Bar\ComponentCheck.cs:line 239
   at Bar.ComponentCheck.ComponentCheck_Load(Object sender, EventArgs e) in C:\Users\bsseo\Documents\GitHub\chool\barcode\Bar\Bar\ComponentCheck.cs:line 74
