2023-06-26 18:10:20.688,System.EventArgs
2023-06-26 18:13:39.914,System.EventArgs
2023-06-26 18:27:19.203,Microsoft.Data.SqlClient.SqlException (0x80131904): '.' 근처의 구문이 잘못되었습니다.
   at Microsoft.Data.SqlClient.SqlConnection.OnError(SqlException exception, Boolean breakConnection, Action`1 wrapCloseInAction)
   at Microsoft.Data.SqlClient.SqlInternalConnection.OnError(SqlException exception, Boolean breakConnection, Action`1 wrapCloseInAction)
   at Microsoft.Data.SqlClient.TdsParser.ThrowExceptionAndWarning(TdsParserStateObject stateObj, Boolean callerHasConnectionLock, Boolean asyncClose)
   at Microsoft.Data.SqlClient.TdsParser.TryRun(RunBehavior runBehavior, SqlCommand cmdHandler, SqlDataReader dataStream, BulkCopySimpleResultSet bulkCopyHandler, TdsParserStateObject stateObj, Boolean& dataReady)
   at Microsoft.Data.SqlClient.SqlDataReader.TryConsumeMetaData()
   at Microsoft.Data.SqlClient.SqlDataReader.get_MetaData()
   at Microsoft.Data.SqlClient.SqlCommand.FinishExecuteReader(SqlDataReader ds, RunBehavior runBehavior, String resetOptionsString, Boolean isInternal, Boolean forDescribeParameterEncryption, Boolean shouldCacheForAlwaysEncrypted)
   at Microsoft.Data.SqlClient.SqlCommand.RunExecuteReaderTds(CommandBehavior cmdBehavior, RunBehavior runBehavior, Boolean returnStream, Boolean isAsync, Int32 timeout, Task& task, Boolean asyncWrite, Boolean inRetry, SqlDataReader ds, Boolean describeParameterEncryptionRequest)
   at Microsoft.Data.SqlClient.SqlCommand.RunExecuteReader(CommandBehavior cmdBehavior, RunBehavior runBehavior, Boolean returnStream, TaskCompletionSource`1 completion, Int32 timeout, Task& task, Boolean& usedCache, Boolean asyncWrite, Boolean inRetry, String method)
   at Microsoft.Data.SqlClient.SqlCommand.RunExecuteReader(CommandBehavior cmdBehavior, RunBehavior runBehavior, Boolean returnStream, String method)
   at Microsoft.Data.SqlClient.SqlCommand.ExecuteReader(CommandBehavior behavior)
   at Microsoft.Data.SqlClient.SqlCommand.ExecuteReader()
   at Bar.ComponentCheck.ComponentCheck_Load(Object sender, EventArgs e) in C:\Users\bsseo\Documents\GitHub\chool\barcode\Bar\Bar\ComponentCheck.cs:line 62
ClientConnectionId:93b91cc2-6550-4c3c-b767-7f136147d7a3
Error Number:102,State:1,Class:15
2023-06-26 18:27:20.261,System.EventArgs
2023-06-26 18:28:44.492,Microsoft.Data.SqlClient.SqlException (0x80131904): '.' 근처의 구문이 잘못되었습니다.
   at Microsoft.Data.SqlClient.SqlConnection.OnError(SqlException exception, Boolean breakConnection, Action`1 wrapCloseInAction)
   at Microsoft.Data.SqlClient.SqlInternalConnection.OnError(SqlException exception, Boolean breakConnection, Action`1 wrapCloseInAction)
   at Microsoft.Data.SqlClient.TdsParser.ThrowExceptionAndWarning(TdsParserStateObject stateObj, Boolean callerHasConnectionLock, Boolean asyncClose)
   at Microsoft.Data.SqlClient.TdsParser.TryRun(RunBehavior runBehavior, SqlCommand cmdHandler, SqlDataReader dataStream, BulkCopySimpleResultSet bulkCopyHandler, TdsParserStateObject stateObj, Boolean& dataReady)
   at Microsoft.Data.SqlClient.SqlDataReader.TryConsumeMetaData()
   at Microsoft.Data.SqlClient.SqlDataReader.get_MetaData()
   at Microsoft.Data.SqlClient.SqlCommand.FinishExecuteReader(SqlDataReader ds, RunBehavior runBehavior, String resetOptionsString, Boolean isInternal, Boolean forDescribeParameterEncryption, Boolean shouldCacheForAlwaysEncrypted)
   at Microsoft.Data.SqlClient.SqlCommand.RunExecuteReaderTds(CommandBehavior cmdBehavior, RunBehavior runBehavior, Boolean returnStream, Boolean isAsync, Int32 timeout, Task& task, Boolean asyncWrite, Boolean inRetry, SqlDataReader ds, Boolean describeParameterEncryptionRequest)
   at Microsoft.Data.SqlClient.SqlCommand.RunExecuteReader(CommandBehavior cmdBehavior, RunBehavior runBehavior, Boolean returnStream, TaskCompletionSource`1 completion, Int32 timeout, Task& task, Boolean& usedCache, Boolean asyncWrite, Boolean inRetry, String method)
   at Microsoft.Data.SqlClient.SqlCommand.RunExecuteReader(CommandBehavior cmdBehavior, RunBehavior runBehavior, Boolean returnStream, String method)
   at Microsoft.Data.SqlClient.SqlCommand.ExecuteReader(CommandBehavior behavior)
   at Microsoft.Data.SqlClient.SqlCommand.ExecuteReader()
   at Bar.ComponentCheck.ComponentCheck_Load(Object sender, EventArgs e) in C:\Users\bsseo\Documents\GitHub\chool\barcode\Bar\Bar\ComponentCheck.cs:line 62
ClientConnectionId:3e5b00e1-87c4-4e22-ae02-bf7c21596c88
Error Number:102,State:1,Class:15
2023-06-26 18:28:45.186,System.EventArgs
2023-06-26 18:29:17.869,System.EventArgs
2023-06-26 18:44:44.650,System.EventArgs
2023-06-26 18:45:11.626,System.EventArgs
2023-06-26 18:45:48.960,System.EventArgs
2023-06-26 18:47:12.074,System.EventArgs
2023-06-26 18:48:26.295,System.EventArgs
2023-06-26 18:49:40.647,System.EventArgs
2023-06-26 18:51:41.427,System.EventArgs
2023-06-26 18:52:20.446,System.EventArgs
2023-06-26 18:52:59.579,System.EventArgs
2023-06-26 18:53:58.433,System.EventArgs
2023-06-26 18:54:25.717,System.EventArgs
2023-06-26 18:54:36.445,System.EventArgs
2023-06-26 18:55:07.927,System.EventArgs
2023-06-26 18:55:19.711,System.EventArgs
2023-06-26 18:55:35.016,System.EventArgs
2023-06-26 18:55:51.253,System.EventArgs
2023-06-26 18:56:04.763,System.EventArgs
2023-06-26 18:57:10.332,System.EventArgs
2023-06-26 18:57:26.083,System.EventArgs
2023-06-26 18:57:44.967,System.EventArgs
2023-06-26 18:58:48.301,System.EventArgs
